<?xml version="1.0" encoding="UTF-8"?>
<!-- Generated by org.testng.reporters.JUnitXMLReporter -->
<testsuite ignored="8" hostname="DESKTOP-6Q9GTRJ" failures="0" tests="5" name="Test" time="7.88" errors="0" timestamp="2025-05-14T08:12:43 IST">
  <testcase classname="steps.LoginSteps" name="performLogin" time="1.966"/>
  <testcase classname="steps.AddToCartSteps" name="Add_ItemsToCart" time="0.518"/>
  <testcase classname="steps.YourCartSteps" name="perform_Checkout" time="0.481"/>
  <testcase classname="steps.CheckOutOverviewSteps" name="assert_CheckoutOverview" time="0.201"/>
  <testcase classname="steps.CheckoutCompleteSteps" name="perform_CheckoutComplete" time="0.173"/>
  <testcase classname="base.BaseTest" name="@BeforeTest setup" time="0.0">
    <ignored/>
  </testcase> <!-- @BeforeTest setup -->
  <testcase classname="base.BaseTest" name="@BeforeTest setup" time="0.0">
    <ignored/>
  </testcase> <!-- @BeforeTest setup -->
  <testcase classname="base.BaseTest" name="@AfterTest tearDown" time="0.0">
    <ignored/>
  </testcase> <!-- @AfterTest tearDown -->
  <testcase classname="base.BaseTest" name="@AfterTest tearDown" time="0.0">
    <ignored/>
  </testcase> <!-- @AfterTest tearDown -->
  <testcase classname="base.BaseTest" name="@BeforeTest setup" time="0.0">
    <ignored/>
  </testcase> <!-- @BeforeTest setup -->
  <testcase classname="base.BaseTest" name="@AfterTest tearDown" time="0.0">
    <ignored/>
  </testcase> <!-- @AfterTest tearDown -->
  <testcase classname="base.BaseTest" name="@BeforeTest setup" time="0.0">
    <ignored/>
  </testcase> <!-- @BeforeTest setup -->
  <testcase classname="base.BaseTest" name="@AfterTest tearDown" time="0.0">
    <ignored/>
  </testcase> <!-- @AfterTest tearDown -->
</testsuite> <!-- Test -->
